[2018-03-09 19:37:53,133 INFO] - org.eclipse.om2m.datamapping.jaxb.Activator 
Starting Data Mapper
[2018-03-09 19:37:53,133 INFO] - org.eclipse.om2m.datamapping.jaxb.Activator 
Registering XML Mapper Service..
[2018-03-09 19:37:54,020 INFO] - org.eclipse.om2m.datamapping.jaxb.Activator 
XML Mapper service registered.
[2018-03-09 19:37:54,021 INFO] - org.eclipse.om2m.datamapping.jaxb.Activator 
Registering JSON Mapper Service..
[2018-03-09 19:37:54,374 INFO] - org.eclipse.om2m.datamapping.jaxb.Activator 
JSON Mapper service registered.
[2018-03-09 19:37:54,376 INFO] - org.eclipse.om2m.binding.http.Activator 
Register HTTP RestClientService..
[2018-03-09 19:37:54,388 INFO] - org.eclipse.om2m.binding.http.Activator 
HTTP RestClientService is registered.
[2018-03-09 19:37:54,389 INFO] - org.eclipse.om2m.binding.http.Activator 
Register SSL RestClientService..
[2018-03-09 19:37:54,397 INFO] - org.eclipse.om2m.binding.http.Activator 
SSL RestClientService is registered.
[2018-03-09 19:37:54,475 INFO] - org.eclipse.om2m.binding.websocket.Activator 
Start websocket binding
[2018-03-09 19:37:54,475 INFO] - org.eclipse.om2m.binding.websocket.Activator 
Start websocket server
[2018-03-09 19:37:54,475 INFO] - org.eclipse.om2m.binding.websocket.Activator 
Register HTTP RestClientService..
[2018-03-09 19:37:54,478 INFO] - org.eclipse.om2m.binding.websocket.Activator 
HTTP RestClientService is registered.
[2018-03-09 19:37:54,479 INFO] - org.eclipse.om2m.binding.websocket.Activator 
DataMapperService discovered
[2018-03-09 19:37:54,479 INFO] - org.eclipse.om2m.binding.websocket.Activator 
DataMapperService discovered
[2018-03-09 19:37:54,483 INFO] - org.eclipse.om2m.persistence.eclipselink.Activator 
Starting Persistence JPA plugin...
[2018-03-09 19:37:54,490 INFO] - org.eclipse.om2m.persistence.eclipselink.internal.DBServiceJPAImpl 
Initializing Database...
[2018-03-09 19:37:54,491 INFO] - org.eclipse.om2m.persistence.eclipselink.internal.DBServiceJPAImpl 
Creating new EntityManagerFactory...
[2018-03-09 19:37:54,524 INFO] - org.eclipse.om2m.binding.http.Activator 
HttpService discovered
[2018-03-09 19:37:54,528 INFO] - org.eclipse.om2m.binding.http.Activator 
Register / context
[2018-03-09 19:37:54,631 INFO] - org.eclipse.om2m.core.Activator 
Starting CSE...
[2018-03-09 19:37:54,639 INFO] - org.eclipse.om2m.core.Activator 
Added Data Mapper Service: application/xml
[2018-03-09 19:37:54,643 INFO] - org.eclipse.om2m.core.Activator 
Added Data Mapper Service: application/json
[2018-03-09 19:37:54,645 INFO] - org.eclipse.om2m.core.Activator 
Rest client service discovered. Protocol: http
[2018-03-09 19:37:54,652 INFO] - org.eclipse.om2m.core.Activator 
Rest client service discovered. Protocol: https
[2018-03-09 19:37:54,653 INFO] - org.eclipse.om2m.core.Activator 
Rest client service discovered. Protocol: ws
[2018-03-09 19:37:54,661 INFO] - org.eclipse.om2m.webapp.dashboard.Activator 
HttpService discovered
[2018-03-09 19:37:54,661 INFO] - org.eclipse.om2m.webapp.dashboard.Activator 
Register /web http context
[2018-03-09 19:37:54,683 INFO] - org.eclipse.om2m.webapp.resourcesbrowser.json.Activator 
HttpService discovered
[2018-03-09 19:37:54,684 INFO] - org.eclipse.om2m.webapp.resourcesbrowser.json.Activator 
Register /webpage http context
[2018-03-09 19:37:55,799 INFO] - org.eclipse.om2m.persistence.eclipselink.internal.DBServiceJPAImpl 
DataBase initialized.
[2018-03-09 19:37:55,824 INFO] - org.eclipse.om2m.persistence.eclipselink.Activator 
Registering Database (JPA-EL) Service
[2018-03-09 19:37:55,825 INFO] - org.eclipse.om2m.core.Activator 
DataBase persistence service discovered
[2018-03-09 19:37:55,828 INFO] - org.eclipse.om2m.core.thread.CoreExecutor 
Creating thread pool with corePoolSize=10 & maximumSize=100
[2018-03-09 19:37:55,831 INFO] - org.eclipse.om2m.core.CSEInitializer 
Initializating the cseBase
[2018-03-09 19:37:55,925 INFO] - org.eclipse.om2m.core.Activator 
Registering CseService...
[2018-03-09 19:37:55,934 INFO] - org.eclipse.om2m.binding.websocket.Activator 
CseService discovered
[2018-03-09 19:37:55,934 INFO] - org.eclipse.om2m.binding.http.Activator 
CseService discovered
[2018-03-09 19:37:55,935 INFO] - org.eclipse.om2m.core.Activator 
CSE Started
[2018-03-09 21:02:48,762 INFO] - org.eclipse.om2m.datamapping.jaxb.Activator 
Starting Data Mapper
[2018-03-09 21:02:48,763 INFO] - org.eclipse.om2m.datamapping.jaxb.Activator 
Registering XML Mapper Service..
[2018-03-09 21:02:49,509 INFO] - org.eclipse.om2m.datamapping.jaxb.Activator 
XML Mapper service registered.
[2018-03-09 21:02:49,509 INFO] - org.eclipse.om2m.datamapping.jaxb.Activator 
Registering JSON Mapper Service..
[2018-03-09 21:02:49,756 INFO] - org.eclipse.om2m.datamapping.jaxb.Activator 
JSON Mapper service registered.
[2018-03-09 21:02:49,758 INFO] - org.eclipse.om2m.binding.http.Activator 
Register HTTP RestClientService..
[2018-03-09 21:02:49,765 INFO] - org.eclipse.om2m.binding.http.Activator 
HTTP RestClientService is registered.
[2018-03-09 21:02:49,765 INFO] - org.eclipse.om2m.binding.http.Activator 
Register SSL RestClientService..
[2018-03-09 21:02:49,772 INFO] - org.eclipse.om2m.binding.http.Activator 
SSL RestClientService is registered.
[2018-03-09 21:02:49,834 INFO] - org.eclipse.om2m.binding.websocket.Activator 
Start websocket binding
[2018-03-09 21:02:49,835 INFO] - org.eclipse.om2m.binding.websocket.Activator 
Start websocket server
[2018-03-09 21:02:49,835 INFO] - org.eclipse.om2m.binding.websocket.Activator 
Register HTTP RestClientService..
[2018-03-09 21:02:49,837 INFO] - org.eclipse.om2m.binding.websocket.Activator 
HTTP RestClientService is registered.
[2018-03-09 21:02:49,837 INFO] - org.eclipse.om2m.binding.websocket.Activator 
DataMapperService discovered
[2018-03-09 21:02:49,838 INFO] - org.eclipse.om2m.binding.websocket.Activator 
DataMapperService discovered
[2018-03-09 21:02:49,840 INFO] - org.eclipse.om2m.persistence.eclipselink.Activator 
Starting Persistence JPA plugin...
[2018-03-09 21:02:49,841 INFO] - org.eclipse.om2m.persistence.eclipselink.internal.DBServiceJPAImpl 
Initializing Database...
[2018-03-09 21:02:49,842 INFO] - org.eclipse.om2m.persistence.eclipselink.internal.DBServiceJPAImpl 
Creating new EntityManagerFactory...
[2018-03-09 21:02:49,857 INFO] - org.eclipse.om2m.binding.http.Activator 
HttpService discovered
[2018-03-09 21:02:49,858 INFO] - org.eclipse.om2m.binding.http.Activator 
Register / context
[2018-03-09 21:02:49,940 INFO] - org.eclipse.om2m.core.Activator 
Starting CSE...
[2018-03-09 21:02:49,941 INFO] - org.eclipse.om2m.core.Activator 
Added Data Mapper Service: application/xml
[2018-03-09 21:02:49,942 INFO] - org.eclipse.om2m.core.Activator 
Added Data Mapper Service: application/json
[2018-03-09 21:02:49,947 INFO] - org.eclipse.om2m.core.Activator 
Rest client service discovered. Protocol: http
[2018-03-09 21:02:49,948 INFO] - org.eclipse.om2m.core.Activator 
Rest client service discovered. Protocol: https
[2018-03-09 21:02:49,948 INFO] - org.eclipse.om2m.core.Activator 
Rest client service discovered. Protocol: ws
[2018-03-09 21:02:49,953 INFO] - org.eclipse.om2m.webapp.dashboard.Activator 
HttpService discovered
[2018-03-09 21:02:49,954 INFO] - org.eclipse.om2m.webapp.dashboard.Activator 
Register /web http context
[2018-03-09 21:02:49,971 INFO] - org.eclipse.om2m.webapp.resourcesbrowser.json.Activator 
HttpService discovered
[2018-03-09 21:02:49,972 INFO] - org.eclipse.om2m.webapp.resourcesbrowser.json.Activator 
Register /webpage http context
[2018-03-09 21:02:50,784 INFO] - org.eclipse.om2m.persistence.eclipselink.internal.DBServiceJPAImpl 
DataBase initialized.
[2018-03-09 21:02:50,807 INFO] - org.eclipse.om2m.persistence.eclipselink.Activator 
Registering Database (JPA-EL) Service
[2018-03-09 21:02:50,807 INFO] - org.eclipse.om2m.core.Activator 
DataBase persistence service discovered
[2018-03-09 21:02:50,810 INFO] - org.eclipse.om2m.core.thread.CoreExecutor 
Creating thread pool with corePoolSize=10 & maximumSize=100
[2018-03-09 21:02:50,814 INFO] - org.eclipse.om2m.core.CSEInitializer 
Initializating the cseBase
[2018-03-09 21:02:50,867 INFO] - org.eclipse.om2m.core.Activator 
Registering CseService...
[2018-03-09 21:02:50,874 INFO] - org.eclipse.om2m.binding.http.Activator 
CseService discovered
[2018-03-09 21:02:50,874 INFO] - org.eclipse.om2m.binding.websocket.Activator 
CseService discovered
[2018-03-09 21:02:50,875 INFO] - org.eclipse.om2m.core.Activator 
CSE Started
[2018-03-09 21:02:55,073 INFO] - org.eclipse.om2m.binding.http.RestHttpServlet 
----------------------------------------------------------------------------------------------
[2018-03-09 21:02:55,074 INFO] - org.eclipse.om2m.binding.http.RestHttpServlet 
Secured communication:false
[2018-03-09 21:02:55,081 INFO] - org.eclipse.om2m.binding.http.RestHttpServlet 
Built RequestPrimitive: RequestPrimitive [
 ]
[2018-03-09 21:02:55,082 INFO] - org.eclipse.om2m.binding.http.RestHttpServlet 
Verifying certificate for authentication..
[2018-03-09 21:02:55,083 INFO] - org.eclipse.om2m.binding.http.RestHttpServlet 
No certificate provided for authentication
[2018-03-09 21:02:55,087 INFO] - org.eclipse.om2m.binding.http.RestHttpServlet 
Verify token for authentication..
[2018-03-09 21:02:55,088 INFO] - org.eclipse.om2m.binding.http.RestHttpServlet 
Accept header: image/webp,image/apng,image/*,*/*;q=0.8
[2018-03-09 21:02:55,092 INFO] - org.eclipse.om2m.core.router.Router 
Received request in Router: RequestPrimitive [
 operation=2
 to=favicon.ico
 returnContentType=application/xml
 requestContentType=application/xml
 queryStrings={}
 ]
[2018-03-09 21:02:55,195 INFO] - org.eclipse.om2m.core.router.Router 
Token authenticaton success
[2018-03-09 21:02:55,198 INFO] - org.eclipse.om2m.core.router.Router 
Request handling in the current CSE: /server/favicon.ico
[2018-03-09 21:02:55,199 INFO] - org.eclipse.om2m.core.router.Router 
OM2M exception caught in Router: Malformed URI
[2018-03-09 21:02:55,201 INFO] - org.eclipse.om2m.core.router.Router 
Response in Router= ResponsePrimitive [
 responseStatusCode=4000
 from=/server
 contentType=text/plain,
 content (Only first 1000 caracters)=
 Malformed URI
]
[2018-03-09 21:02:59,930 INFO] - org.eclipse.om2m.binding.http.RestHttpServlet 
----------------------------------------------------------------------------------------------
[2018-03-09 21:02:59,930 INFO] - org.eclipse.om2m.binding.http.RestHttpServlet 
Secured communication:false
[2018-03-09 21:02:59,933 INFO] - org.eclipse.om2m.binding.http.RestHttpServlet 
Built RequestPrimitive: RequestPrimitive [
 ]
[2018-03-09 21:02:59,937 INFO] - org.eclipse.om2m.binding.http.RestHttpServlet 
Verifying certificate for authentication..
[2018-03-09 21:02:59,937 INFO] - org.eclipse.om2m.binding.http.RestHttpServlet 
No certificate provided for authentication
[2018-03-09 21:02:59,938 INFO] - org.eclipse.om2m.binding.http.RestHttpServlet 
Verify token for authentication..
[2018-03-09 21:02:59,939 INFO] - org.eclipse.om2m.binding.http.RestHttpServlet 
Accept header: application/json
[2018-03-09 21:02:59,939 INFO] - org.eclipse.om2m.core.router.Router 
Received request in Router: RequestPrimitive [
 operation=2
 to=/server
 from=Cae-admin
 resultContent=5
 returnContentType=application/json
 requestContentType=application/xml
 queryStrings={rcn=[5]}
 ]
[2018-03-09 21:02:59,943 INFO] - org.eclipse.om2m.core.router.Router 
Token authenticaton success
[2018-03-09 21:02:59,947 INFO] - org.eclipse.om2m.core.router.Router 
Request handling in the current CSE: /server
[2018-03-09 21:02:59,948 INFO] - org.eclipse.om2m.core.router.Router 
ResourceController to be used [CSEBaseController]
[2018-03-09 21:02:59,986 INFO] - org.eclipse.om2m.core.router.Router 
Response in Router= ResponsePrimitive [
 responseStatusCode=2000
 to=Cae-admin
 from=/server
 contentType=application/json,
 content (Only first 1000 caracters)=
 {
   "m2m:cb" : {
      "rn" : "server",
      "ty" : 5,
      "ri" : "/server",
      "ct" : "20180309T210250",
      "lt" : "20180309T210250",
      "lbl" : [ ],
      "acpi" : [ "/server/acp-5905470664983383391" ],
      "cst" : 1,
      "csi" : "server",
      "srt" : [ 1, 2, 3, 4, 5, 9, 14, 15, 16, 17, 23, 19 ],
      "poa" : [ "https://127.0.0.1:8443/" ],
      "ch" : [ {
         "val" : "/server/acp-5905470664983383391",
         "nm" : "acp_admin",
         "typ" : 1
      }, {
         "val" : "/server/acp-8639762443109152169",
         "nm" : "acp_reg",
         "typ" : 1
      }, {
         "val" : "/server/Cae-admin",
         "nm" : "ae_admin",
         "typ" : 2
      }, {
         "val" : "/server/asar-5331736016255191811",
         "nm" : "asar_admin",
         "typ" : 19
      } ]
   }
}
]
